<?xml version="1.0" encoding="UTF-8"?>
<!-- Generated by org.testng.reporters.JUnitReportReporter -->
<testsuite hostname="zzg_dell" name="test.com.tsc9526.monalisa.service.actions.PutActionTest" tests="4" failures="0" timestamp="13 Mar 2017 04:13:05 GMT" time="0.032" errors="0">
  <testcase name="testPutDbTableByPk" time="0.011" classname="test.com.tsc9526.monalisa.service.actions.PutActionTest"/>
  <testcase name="testPutDbTableRow1" time="0.003" classname="test.com.tsc9526.monalisa.service.actions.PutActionTest"/>
  <testcase name="testPutDbTableByMultiKeys" time="0.015" classname="test.com.tsc9526.monalisa.service.actions.PutActionTest"/>
  <testcase name="testPutDbTableNone" time="0.003" classname="test.com.tsc9526.monalisa.service.actions.PutActionTest"/>
</testsuite> <!-- test.com.tsc9526.monalisa.service.actions.PutActionTest -->
