<?xml version="1.0" encoding="UTF-8"?>
<!-- Generated by org.testng.reporters.JUnitReportReporter -->
<testsuite hostname="zzg_dell" name="test.com.tsc9526.monalisa.service.servlet.DbWebContainerInitializerTest" tests="3" failures="0" timestamp="13 Mar 2017 04:10:42 GMT" time="0.366" errors="0">
  <testcase name="testServlet2" time="0.010" classname="test.com.tsc9526.monalisa.service.servlet.DbWebContainerInitializerTest"/>
  <testcase name="testServlet3" time="0.015" classname="test.com.tsc9526.monalisa.service.servlet.DbWebContainerInitializerTest"/>
  <testcase name="testServlet1" time="0.341" classname="test.com.tsc9526.monalisa.service.servlet.DbWebContainerInitializerTest"/>
</testsuite> <!-- test.com.tsc9526.monalisa.service.servlet.DbWebContainerInitializerTest -->
