<?xml version="1.0" encoding="UTF-8"?>
<!-- Generated by org.testng.reporters.JUnitReportReporter -->
<testsuite hostname="zzg_dell" name="test.com.tsc9526.monalisa.service.auth.AuthorizationTest" tests="2" failures="0" timestamp="13 Mar 2017 04:09:45 GMT" time="0.151" errors="0">
  <testcase name="testParser2" time="0.001" classname="test.com.tsc9526.monalisa.service.auth.AuthorizationTest"/>
  <testcase name="testParser1" time="0.150" classname="test.com.tsc9526.monalisa.service.auth.AuthorizationTest"/>
</testsuite> <!-- test.com.tsc9526.monalisa.service.auth.AuthorizationTest -->
