<?xml version="1.0" encoding="UTF-8"?>
<!-- Generated by org.testng.reporters.JUnitReportReporter -->
<testsuite hostname="zzg_dell" name="test.com.tsc9526.monalisa.service.actions.DeleteActionTest" tests="3" failures="0" timestamp="13 Mar 2017 05:50:44 GMT" time="0.106" errors="0">
  <testcase name="testDeleteDbTableByWhere" time="0.018" classname="test.com.tsc9526.monalisa.service.actions.DeleteActionTest"/>
  <testcase name="testDeleteDbTableByMultiKeys" time="0.073" classname="test.com.tsc9526.monalisa.service.actions.DeleteActionTest"/>
  <testcase name="testDeleteDbTableByPk" time="0.015" classname="test.com.tsc9526.monalisa.service.actions.DeleteActionTest"/>
</testsuite> <!-- test.com.tsc9526.monalisa.service.actions.DeleteActionTest -->
