<?xml version="1.0" encoding="UTF-8"?>
<!-- Generated by org.testng.reporters.JUnitReportReporter -->
<testsuite hostname="zzg_dell" name="test.com.tsc9526.monalisa.service.actions.PostActionTest" tests="6" failures="0" timestamp="13 Mar 2017 04:14:25 GMT" time="0.301" errors="0">
  <testcase name="testPostDbTableByPk" time="0.029" classname="test.com.tsc9526.monalisa.service.actions.PostActionTest"/>
  <testcase name="testPostDbTableNone" time="0.005" classname="test.com.tsc9526.monalisa.service.actions.PostActionTest"/>
  <testcase name="testPostDbTableByMultiKeys" time="0.171" classname="test.com.tsc9526.monalisa.service.actions.PostActionTest"/>
  <testcase name="testPostDbTableRow1" time="0.023" classname="test.com.tsc9526.monalisa.service.actions.PostActionTest"/>
  <testcase name="testPostDbTableRow2" time="0.032" classname="test.com.tsc9526.monalisa.service.actions.PostActionTest"/>
  <testcase name="testPostMultiTables" time="0.041" classname="test.com.tsc9526.monalisa.service.actions.PostActionTest"/>
</testsuite> <!-- test.com.tsc9526.monalisa.service.actions.PostActionTest -->
