<?xml version="1.0" encoding="UTF-8"?>
<!-- Generated by org.testng.reporters.JUnitReportReporter -->
<testsuite hostname="zzg_dell" name="test.com.tsc9526.monalisa.service.actions.GetActionTest" tests="13" failures="0" timestamp="13 Mar 2017 06:20:44 GMT" time="0.066" errors="0">
  <testcase name="testGetDbTable2" time="0.004" classname="test.com.tsc9526.monalisa.service.actions.GetActionTest"/>
  <testcase name="testGetDbTableFilter01" time="0.003" classname="test.com.tsc9526.monalisa.service.actions.GetActionTest"/>
  <testcase name="testGetDb" time="0.003" classname="test.com.tsc9526.monalisa.service.actions.GetActionTest"/>
  <testcase name="testGetDbTablePkWithColumnName" time="0.006" classname="test.com.tsc9526.monalisa.service.actions.GetActionTest"/>
  <testcase name="testGetDbInvalidName" time="0.010" classname="test.com.tsc9526.monalisa.service.actions.GetActionTest"/>
  <testcase name="testGetDbTableFilter02" time="0.004" classname="test.com.tsc9526.monalisa.service.actions.GetActionTest"/>
  <testcase name="testGetDbTable1" time="0.015" classname="test.com.tsc9526.monalisa.service.actions.GetActionTest"/>
  <testcase name="testGetDbTableNotExist" time="0.003" classname="test.com.tsc9526.monalisa.service.actions.GetActionTest"/>
  <testcase name="testGetDbTablePkWithJavaName" time="0.004" classname="test.com.tsc9526.monalisa.service.actions.GetActionTest"/>
  <testcase name="testGetDbTableWithuQalifier" time="0.003" classname="test.com.tsc9526.monalisa.service.actions.GetActionTest"/>
  <testcase name="testGetDbTablePk1" time="0.005" classname="test.com.tsc9526.monalisa.service.actions.GetActionTest"/>
  <testcase name="testGetDbTableFilter04" time="0.003" classname="test.com.tsc9526.monalisa.service.actions.GetActionTest"/>
  <testcase name="testGetDbTableFilter03" time="0.003" classname="test.com.tsc9526.monalisa.service.actions.GetActionTest"/>
</testsuite> <!-- test.com.tsc9526.monalisa.service.actions.GetActionTest -->
