<?xml version="1.0" encoding="UTF-8"?>
<!-- Generated by org.testng.reporters.JUnitReportReporter -->
<testsuite hostname="zzg_dell" name="test.com.tsc9526.monalisa.service.actions.OnlyActionTest" tests="5" failures="0" timestamp="13 Mar 2017 06:20:44 GMT" time="0.019" errors="0">
  <testcase name="testPost" time="0.002" classname="test.com.tsc9526.monalisa.service.actions.OnlyActionTest"/>
  <testcase name="testPut" time="0.002" classname="test.com.tsc9526.monalisa.service.actions.OnlyActionTest"/>
  <testcase name="testGet" time="0.005" classname="test.com.tsc9526.monalisa.service.actions.OnlyActionTest"/>
  <testcase name="testDeleteByPk" time="0.008" classname="test.com.tsc9526.monalisa.service.actions.OnlyActionTest"/>
  <testcase name="testDeleteAll" time="0.002" classname="test.com.tsc9526.monalisa.service.actions.OnlyActionTest"/>
</testsuite> <!-- test.com.tsc9526.monalisa.service.actions.OnlyActionTest -->
