<?xml version="1.0" encoding="UTF-8"?>
<!-- Generated by org.testng.reporters.JUnitReportReporter -->
<testsuite hostname="zzg_dell" name="test.com.tsc9526.monalisa.service.actions.PostActionTest" tests="6" failures="0" timestamp="13 Mar 2017 06:20:44 GMT" time="0.072" errors="0">
  <testcase name="testPostDbTableByMultiKeys" time="0.012" classname="test.com.tsc9526.monalisa.service.actions.PostActionTest"/>
  <testcase name="testPostDbTableRow2" time="0.016" classname="test.com.tsc9526.monalisa.service.actions.PostActionTest"/>
  <testcase name="testPostMultiTables" time="0.020" classname="test.com.tsc9526.monalisa.service.actions.PostActionTest"/>
  <testcase name="testPostDbTableRow1" time="0.012" classname="test.com.tsc9526.monalisa.service.actions.PostActionTest"/>
  <testcase name="testPostDbTableByPk" time="0.010" classname="test.com.tsc9526.monalisa.service.actions.PostActionTest"/>
  <testcase name="testPostDbTableNone" time="0.002" classname="test.com.tsc9526.monalisa.service.actions.PostActionTest"/>
</testsuite> <!-- test.com.tsc9526.monalisa.service.actions.PostActionTest -->
