<?xml version="1.0" encoding="UTF-8"?>
<!-- Generated by org.testng.reporters.JUnitReportReporter -->
<testsuite hostname="zzg_dell" name="test.com.tsc9526.monalisa.service.actions.PutActionTest" tests="4" failures="0" timestamp="13 Mar 2017 06:20:44 GMT" time="0.022" errors="0">
  <testcase name="testPutDbTableRow1" time="0.001" classname="test.com.tsc9526.monalisa.service.actions.PutActionTest"/>
  <testcase name="testPutDbTableByMultiKeys" time="0.010" classname="test.com.tsc9526.monalisa.service.actions.PutActionTest"/>
  <testcase name="testPutDbTableByPk" time="0.010" classname="test.com.tsc9526.monalisa.service.actions.PutActionTest"/>
  <testcase name="testPutDbTableNone" time="0.001" classname="test.com.tsc9526.monalisa.service.actions.PutActionTest"/>
</testsuite> <!-- test.com.tsc9526.monalisa.service.actions.PutActionTest -->
